<?xml version="1.0" encoding="UTF-8"?>
<!-- Generated by org.testng.reporters.JUnitReportReporter -->
<testsuite hostname="MacBook-Pro.local" failures="0" tests="1" name="test.SoapXMLRequest" time="1.736" errors="0" timestamp="2024-05-22T17:09:59 AEST" skipped="0">
  <testcase classname="test.SoapXMLRequest" name="ValidateSoapXml" time="1.736"/>
</testsuite> <!-- test.SoapXMLRequest -->
