<?xml version="1.0" encoding="UTF-8"?>
<!-- Generated by org.testng.reporters.JUnitReportReporter -->
<testsuite hostname="MacBook-Pro.local" failures="0" tests="1" name="test.TestExamples" time="1.404" errors="0" timestamp="2024-05-22T07:23:31 AEST" skipped="0">
  <testcase classname="test.TestExamples" name="testWithHashMap" time="1.404"/>
</testsuite> <!-- test.TestExamples -->
