<?xml version="1.0" encoding="UTF-8"?>
<!-- Generated by org.testng.reporters.JUnitReportReporter -->
<testsuite hostname="MacBook-Pro.local" failures="0" tests="2" name="test.GetAndPostCalls" time="1.758" errors="0" timestamp="2024-05-22T07:50:09 AEST" skipped="0">
  <testcase classname="test.GetAndPostCalls" name="testPost" time="1.016"/>
  <testcase classname="test.GetAndPostCalls" name="testWithHashMap" time="0.742"/>
</testsuite> <!-- test.GetAndPostCalls -->
