<?xml version="1.0" encoding="UTF-8"?>
<!-- Generated by org.testng.reporters.JUnitReportReporter -->
<testsuite hostname="MacBook-Pro.local" failures="0" tests="1" name="test.TestOnLocalAPI" time="0.566" errors="0" timestamp="2024-05-22T09:44:44 AEST" skipped="0">
  <testcase classname="test.TestOnLocalAPI" name="delete" time="0.566"/>
</testsuite> <!-- test.TestOnLocalAPI -->
