<?xml version="1.0" encoding="UTF-8"?>
<!-- Generated by org.testng.reporters.JUnitReportReporter -->
<testsuite hostname="MacBook-Pro.local" failures="0" tests="1" name="test.JSONSchemaValidator" time="1.167" errors="0" timestamp="2024-05-22T16:11:36 AEST" skipped="0">
  <testcase classname="test.JSONSchemaValidator" name="testPost" time="1.167"/>
</testsuite> <!-- test.JSONSchemaValidator -->
