<?xml version="1.0" encoding="UTF-8"?>
<!-- Generated by org.testng.reporters.JUnitReportReporter -->
<testsuite hostname="MacBook-Pro.local" failures="0" tests="1" name="test.PutPatchDeleteCalls" time="1.422" errors="0" timestamp="2024-05-22T07:57:44 AEST" skipped="0">
  <testcase classname="test.PutPatchDeleteCalls" name="test_delete" time="1.422"/>
</testsuite> <!-- test.PutPatchDeleteCalls -->
