<?xml version="1.0" encoding="UTF-8"?>
<!-- Generated by org.testng.reporters.JUnitReportReporter -->
<testsuite hostname="MacBook-Pro.local" failures="0" tests="2" name="test.TestExamples" time="1.083" errors="0" timestamp="2024-05-21T19:42:12 AEST" skipped="0">
  <testcase classname="test.TestExamples" name="testWithBDD" time="0.982"/>
  <testcase classname="test.TestExamples" name="test_Get" time="0.101"/>
</testsuite> <!-- test.TestExamples -->
